[debug] [2023-05-10T06:00:36.993Z] ----------------------------------------------------------------------
[debug] [2023-05-10T06:00:36.998Z] Command:       /home/kiran/.nvm/versions/node/v16.20.0/bin/node /home/kiran/.nvm/versions/node/v16.20.0/bin/firebase serve --only hosting
[debug] [2023-05-10T06:00:36.999Z] CLI Version:   12.0.0
[debug] [2023-05-10T06:00:36.999Z] Platform:      linux
[debug] [2023-05-10T06:00:37.000Z] Node Version:  v16.20.0
[debug] [2023-05-10T06:00:37.000Z] Time:          Wed May 10 2023 11:30:37 GMT+0530 (India Standard Time)
[debug] [2023-05-10T06:00:37.001Z] ----------------------------------------------------------------------
[debug] 
[debug] [2023-05-10T06:00:37.189Z] > command requires scopes: ["email","openid","https://www.googleapis.com/auth/cloudplatformprojects.readonly","https://www.googleapis.com/auth/firebase","https://www.googleapis.com/auth/cloud-platform"]
[debug] [2023-05-10T06:00:37.190Z] > authorizing via signed-in user (kiranmadhe2000@gmail.com)
[debug] [2023-05-10T06:00:37.190Z] [iam] checking project my-site-8f086 for permissions ["firebase.projects.get"]
[debug] [2023-05-10T06:00:37.194Z] >>> [apiv2][query] POST https://cloudresourcemanager.googleapis.com/v1/projects/my-site-8f086:testIamPermissions [none]
[debug] [2023-05-10T06:00:37.194Z] >>> [apiv2][(partial)header] POST https://cloudresourcemanager.googleapis.com/v1/projects/my-site-8f086:testIamPermissions x-goog-quota-user=projects/my-site-8f086
[debug] [2023-05-10T06:00:37.195Z] >>> [apiv2][body] POST https://cloudresourcemanager.googleapis.com/v1/projects/my-site-8f086:testIamPermissions {"permissions":["firebase.projects.get"]}
[debug] [2023-05-10T06:00:37.914Z] <<< [apiv2][status] POST https://cloudresourcemanager.googleapis.com/v1/projects/my-site-8f086:testIamPermissions 200
[debug] [2023-05-10T06:00:37.915Z] <<< [apiv2][body] POST https://cloudresourcemanager.googleapis.com/v1/projects/my-site-8f086:testIamPermissions {"permissions":["firebase.projects.get"]}
[debug] [2023-05-10T06:00:37.920Z] >>> [apiv2][query] GET https://firebase.googleapis.com/v1beta1/projects/my-site-8f086 [none]
[debug] [2023-05-10T06:00:38.435Z] <<< [apiv2][status] GET https://firebase.googleapis.com/v1beta1/projects/my-site-8f086 200
[debug] [2023-05-10T06:00:38.435Z] <<< [apiv2][body] GET https://firebase.googleapis.com/v1beta1/projects/my-site-8f086 {"projectId":"my-site-8f086","projectNumber":"742564832677","displayName":"my-site","name":"projects/my-site-8f086","resources":{"hostingSite":"my-site-8f086"},"state":"ACTIVE","etag":"1_0d1b9f20-f576-4aca-9ed5-6b2ffc47073d"}
[debug] [2023-05-10T06:00:38.445Z] >>> [apiv2][query] GET https://firebasehosting.googleapis.com/v1beta1/projects/my-site-8f086/sites 
[debug] [2023-05-10T06:00:40.149Z] <<< [apiv2][status] GET https://firebasehosting.googleapis.com/v1beta1/projects/my-site-8f086/sites 200
[debug] [2023-05-10T06:00:40.150Z] <<< [apiv2][body] GET https://firebasehosting.googleapis.com/v1beta1/projects/my-site-8f086/sites {"sites":[{"name":"projects/my-site-8f086/sites/my-site-8f086","defaultUrl":"https://my-site-8f086.web.app","appId":"1:742564832677:web:10d2c8c57a81fd42f1f44c","type":"DEFAULT_SITE"}]}
[debug] [2023-05-10T06:00:40.151Z] >>> [apiv2][query] GET https://firebase.googleapis.com/v1beta1/projects/my-site-8f086/webApps/1:742564832677:web:10d2c8c57a81fd42f1f44c/config [none]
[debug] [2023-05-10T06:00:45.068Z] <<< [apiv2][status] GET https://firebase.googleapis.com/v1beta1/projects/my-site-8f086/webApps/1:742564832677:web:10d2c8c57a81fd42f1f44c/config 200
[debug] [2023-05-10T06:00:45.069Z] <<< [apiv2][body] GET https://firebase.googleapis.com/v1beta1/projects/my-site-8f086/webApps/1:742564832677:web:10d2c8c57a81fd42f1f44c/config {"projectId":"my-site-8f086","appId":"1:742564832677:web:10d2c8c57a81fd42f1f44c","storageBucket":"my-site-8f086.appspot.com","apiKey":"AIzaSyCNrZmCNX7pOFo06VXC50Qr9YnNe8Uk0WU","authDomain":"my-site-8f086.firebaseapp.com","messagingSenderId":"742564832677","measurementId":"G-27Z9QMMND0"}
[debug] [2023-05-10T06:00:45.077Z] >>> [apiv2][query] GET https://firebase.googleapis.com/v1beta1/projects/my-site-8f086 [none]
[debug] [2023-05-10T06:00:45.682Z] <<< [apiv2][status] GET https://firebase.googleapis.com/v1beta1/projects/my-site-8f086 200
[debug] [2023-05-10T06:00:45.682Z] <<< [apiv2][body] GET https://firebase.googleapis.com/v1beta1/projects/my-site-8f086 {"projectId":"my-site-8f086","projectNumber":"742564832677","displayName":"my-site","name":"projects/my-site-8f086","resources":{"hostingSite":"my-site-8f086"},"state":"ACTIVE","etag":"1_0d1b9f20-f576-4aca-9ed5-6b2ffc47073d"}
[info] i  hosting[my-site-8f086]: Serving hosting files from: public {"metadata":{"emulator":{"name":"hosting"},"message":"Serving hosting files from: \u001b[1mpublic\u001b[22m"}}
[info] ✔  hosting[my-site-8f086]: Local server: http://localhost:5000 {"metadata":{"emulator":{"name":"hosting"},"message":"Local server: \u001b[4m\u001b[1mhttp://localhost:5000\u001b[22m\u001b[24m"}}
